Arguments: 
  /usr/bin/node /home/kevin/.yarn/bin/yarn.js start:dev

PATH: 
  /home/kevin/.yarn/bin:/home/kevin/.config/yarn/global/node_modules/.bin:/home/kevin/bin:/home/kevin/.local/bin:/usr/local/sbin:/usr/local/bin:/usr/sbin:/usr/bin:/sbin:/bin:/usr/games:/usr/local/games:/home/kevin/Android/Sdk/tool:/home/kevin/Android/Sdkplatform-tools:/snap/bin:/usr/lib/jvm/java-8-oracle/bin:/usr/lib/jvm/java-8-oracle/db/bin:/usr/lib/jvm/java-8-oracle/jre/bin

Yarn version: 
  1.5.1

Node version: 
  9.2.0

Platform: 
  linux x64

npm manifest: 
  {
    "name": "todo",
    "version": "1.0.0",
    "description": "Tutorial: Simple Redux-like library for the use in your old codebase apps - and by old codebase apps I mean those apps that have one or couple of gigantic jQuery-powered files where you can't understand anything what's happening anymore.",
    "main": "webpack.config.js",
    "scripts": {
      "test": "echo \"Error: no test specified\" && exit 1",
      "start:dev": "webpack-dev-server"
    },
    "author": "",
    "license": "ISC",
    "devDependencies": {
      "webpack": "^4.4.1",
      "webpack-dev-server": "^3.1.1"
    }
  }

yarn manifest: 
  No manifest

Lockfile: 
  No lockfile

Trace: 
  Error: Command failed.
  Exit code: 1
  Command: sh
  Arguments: -c webpack-dev-server
  Directory: /home/kevin/Programming/test/todo
  Output:
  
      at ProcessTermError.MessageError (/home/kevin/.yarn/lib/cli.js:186:110)
      at new ProcessTermError (/home/kevin/.yarn/lib/cli.js:226:113)
      at ChildProcess.<anonymous> (/home/kevin/.yarn/lib/cli.js:30281:17)
      at ChildProcess.emit (events.js:159:13)
      at maybeClose (internal/child_process.js:943:16)
      at Process.ChildProcess._handle.onexit (internal/child_process.js:220:5)
